<?xml version="1.0" encoding="UTF-8"?>
<testng-results skipped="0" failed="1" total="1" passed="0">
  <reporter-output>
  </reporter-output>
  <suite name="Default suite" duration-ms="27412" started-at="2016-09-15T21:14:29Z" finished-at="2016-09-15T21:14:56Z">
    <groups>
    </groups>
    <test name="Default test" duration-ms="27412" started-at="2016-09-15T21:14:29Z" finished-at="2016-09-15T21:14:56Z">
      <class name="technogeek.co.RegisterPageDemo">
        <test-method status="PASS" signature="beforeTest()[pri:0, instance:technogeek.co.RegisterPageDemo@35851384]" name="beforeTest" is-config="true" duration-ms="10662" started-at="2016-09-15T14:14:29Z" finished-at="2016-09-15T14:14:39Z">
          <reporter-output>
          </reporter-output>
        </test-method> <!-- beforeTest -->
        <test-method status="FAIL" signature="testRegisterPage()[pri:0, instance:technogeek.co.RegisterPageDemo@35851384]" name="testRegisterPage" duration-ms="10405" started-at="2016-09-15T14:14:39Z" finished-at="2016-09-15T14:14:50Z">
          <exception class="java.lang.NullPointerException">
            <full-stacktrace>
              <![CDATA[java.lang.NullPointerException
	at technogeek.co.RegisterPageDemo.testRegisterPage(RegisterPageDemo.java:31)
	at sun.reflect.NativeMethodAccessorImpl.invoke0(Native Method)
	at sun.reflect.NativeMethodAccessorImpl.invoke(NativeMethodAccessorImpl.java:62)
	at sun.reflect.DelegatingMethodAccessorImpl.invoke(DelegatingMethodAccessorImpl.java:43)
	at java.lang.reflect.Method.invoke(Method.java:498)
	at org.testng.internal.MethodInvocationHelper.invokeMethod(MethodInvocationHelper.java:85)
	at org.testng.internal.Invoker.invokeMethod(Invoker.java:639)
	at org.testng.internal.Invoker.invokeTestMethod(Invoker.java:816)
	at org.testng.internal.Invoker.invokeTestMethods(Invoker.java:1124)
	at org.testng.internal.TestMethodWorker.invokeTestMethods(TestMethodWorker.java:125)
	at org.testng.internal.TestMethodWorker.run(TestMethodWorker.java:108)
	at org.testng.TestRunner.privateRun(TestRunner.java:774)
	at org.testng.TestRunner.run(TestRunner.java:624)
	at org.testng.SuiteRunner.runTest(SuiteRunner.java:359)
	at org.testng.SuiteRunner.runSequentially(SuiteRunner.java:354)
	at org.testng.SuiteRunner.privateRun(SuiteRunner.java:312)
	at org.testng.SuiteRunner.run(SuiteRunner.java:261)
	at org.testng.SuiteRunnerWorker.runSuite(SuiteRunnerWorker.java:52)
	at org.testng.SuiteRunnerWorker.run(SuiteRunnerWorker.java:86)
	at org.testng.TestNG.runSuitesSequentially(TestNG.java:1215)
	at org.testng.TestNG.runSuitesLocally(TestNG.java:1140)
	at org.testng.TestNG.run(TestNG.java:1048)
	at org.testng.remote.RemoteTestNG.run(RemoteTestNG.java:112)
	at org.testng.remote.RemoteTestNG.initAndRun(RemoteTestNG.java:205)
	at org.testng.remote.RemoteTestNG.main(RemoteTestNG.java:176)
]]>
            </full-stacktrace>
          </exception> <!-- java.lang.NullPointerException -->
          <reporter-output>
          </reporter-output>
        </test-method> <!-- testRegisterPage -->
        <test-method status="PASS" signature="afterTest()[pri:0, instance:technogeek.co.RegisterPageDemo@35851384]" name="afterTest" is-config="true" duration-ms="6305" started-at="2016-09-15T14:14:50Z" finished-at="2016-09-15T14:14:56Z">
          <reporter-output>
          </reporter-output>
        </test-method> <!-- afterTest -->
      </class> <!-- technogeek.co.RegisterPageDemo -->
    </test> <!-- Default test -->
  </suite> <!-- Default suite -->
</testng-results>
